VirtualBox XPCOM Server 5.1.6 r110634 linux.amd64 (Sep 17 2016 15:36:37) release log
00:00:00.000351 main     Log opened 2016-10-18T21:02:11.193896000Z
00:00:00.000353 main     Build Type: release
00:00:00.000358 main     OS Product: Linux
00:00:00.000359 main     OS Release: 4.7.5-1-ARCH
00:00:00.000360 main     OS Version: #1 SMP PREEMPT Sat Sep 24 13:04:22 CEST 2016
00:00:00.000387 main     DMI Product Name: HP ProBook 6560b
00:00:00.000393 main     DMI Product Version: A0001D02
00:00:00.000440 main     Host RAM: 7920MB total, 5198MB available
00:00:00.000443 main     Executable: /usr/lib/virtualbox/VBoxSVC
00:00:00.000444 main     Process ID: 27427
00:00:00.000445 main     Package type: LINUX_64BITS_GENERIC (OSE)
00:00:00.001952 main     IPC socket path: /tmp/.vbox-dfalkner-ipc/ipcd
00:00:00.105611 nspr-2   VirtualBox: object creation starts
00:00:00.105729 nspr-2   Home directory: '/home/dfalkner/.config/VirtualBox'
00:00:00.111457 nspr-2   NetIfAdpCtlOut: VBoxNetAdpCtl: Error while retrieving link speed for wlp36s0b1: VBoxNetAdpCtl: ioctl failed: Operation not supported
00:00:00.118181 nspr-2   NAT: resolv.conf: nameserver 192.168.1.1
00:00:00.118222 nspr-2   HostDnsMonitor: old information
00:00:00.118229 nspr-2     no server entries
00:00:00.118235 nspr-2     no domain set
00:00:00.118240 nspr-2     no search string entries
00:00:00.118245 nspr-2   HostDnsMonitor: new information
00:00:00.118250 nspr-2     server 1: 192.168.1.1
00:00:00.118256 nspr-2     no domain set
00:00:00.118261 nspr-2     no search string entries
00:00:00.118271 nspr-2   HostDnsMonitorProxy::notify
00:00:00.122876 nspr-2   VD: VDInit finished
00:00:00.123005 nspr-2   ERROR [COM]: aRC=NS_ERROR_FAILURE (0x80004005) aIID={0eb668d2-495e-5a36-8890-29999b5f030c} aComponent={SystemPropertiesWrap} aText={Cannot determine default Guest Additions ISO location. Most likely they are not available}, preserve=false aResultDetail=0
00:00:00.123473 nspr-2   VirtualBox: object created
00:00:05.126907 main     VirtualBox: object deletion starts
00:00:05.624604 Watcher  ERROR [COM]: aRC=E_ACCESSDENIED (0x80070005) aIID={0169423f-46b4-cde9-91af-1e9d5b6cd945} aComponent={VirtualBoxWrap} aText={The object is not ready}, preserve=false aResultDetail=0
00:00:10.127352 main     {00007f2154014d60} HostPowerServiceLinux::~HostPowerServiceLinux: RTThreadWait() for 5000 ms failed with VERR_TIMEOUT
00:00:10.127560 main     VirtualBox: object deleted
