[2016/10/05 16:52:42] === update info ===
[2016/10/05 16:52:42]  platformUpdate: null
[2016/10/05 16:52:42]  updateIndex: 0
[2016/10/05 16:52:42]  process: false
[2016/10/05 16:52:42]  local server: false (patch: false)
[2016/10/05 16:52:42]  config: false
[2016/10/05 16:52:42]  quiet: false
[2016/10/05 16:52:42]  init: false (force: false, version: null)
[2016/10/05 16:52:42]  local: null
[2016/10/05 16:52:42]  server: null
[2016/10/05 16:52:42]  servers: null
[2016/10/05 16:52:42]  directory: null
[2016/10/05 16:52:42]  proxy.host: 
[2016/10/05 16:52:42]  proxy.port: 
[2016/10/05 16:52:42]  auto updating: true
[2016/10/05 16:52:42]  auto updating 2: false
[2016/10/05 16:52:42]  client build: 20160401
[2016/10/05 16:52:42]  request download key 12.0: null
[2016/10/05 16:52:43] === Internet Connection Links ====
[2016/10/05 16:52:43] servers: http://www.visual-paradigm.com/download/productupdate/vp.jsp
[2016/10/05 16:52:43] latest: http://www.visual-paradigm.com/download/latestinfo.jsp
[2016/10/05 16:52:43] documentation: http://www.visual-paradigm.com/installers/vpsuite12.1/
[2016/10/05 16:52:43] product name: Visual Paradigm
[2016/10/05 16:52:43] ----------------------------------
[2016/10/05 16:52:43] === Internet Connection Links ====
[2016/10/05 16:52:43] servers: http://www.visual-paradigm.com/download/productupdate/vp.jsp
[2016/10/05 16:52:43] latest: http://www.visual-paradigm.com/download/latestinfo.jsp
[2016/10/05 16:52:43] documentation: http://www.visual-paradigm.com/installers/vpsuite12.1/
[2016/10/05 16:52:43] product name: Visual Paradigm
[2016/10/05 16:52:43] ----------------------------------
[2016/10/05 16:52:43] === update info ===
[2016/10/05 16:52:43]  platformUpdate: /tmp/platformupdate7023322147333733765_dir/lib/platforminstaller.jar
[2016/10/05 16:52:43]  updateIndex: 0
[2016/10/05 16:52:43]  process: true
[2016/10/05 16:52:43]  local server: false (patch: false)
[2016/10/05 16:52:43]  config: false
[2016/10/05 16:52:43]  quiet: false
[2016/10/05 16:52:43]  init: false (force: false, version: null)
[2016/10/05 16:52:43]  local: null
[2016/10/05 16:52:43]  server: null
[2016/10/05 16:52:43]  servers: null
[2016/10/05 16:52:43]  directory: null
[2016/10/05 16:52:43]  proxy.host: 
[2016/10/05 16:52:43]  proxy.port: 
[2016/10/05 16:52:43]  auto updating: true
[2016/10/05 16:52:43]  auto updating 2: false
[2016/10/05 16:52:43]  client build: 20160401
[2016/10/05 16:52:43]  request download key 12.0: null
[2016/10/05 16:52:43] === Internet Connection Links ====
[2016/10/05 16:52:43] servers: http://www.visual-paradigm.com/download/productupdate/vp.jsp
[2016/10/05 16:52:43] latest: http://www.visual-paradigm.com/download/latestinfo.jsp
[2016/10/05 16:52:43] documentation: http://www.visual-paradigm.com/installers/vpsuite12.1/
[2016/10/05 16:52:43] product name: Visual Paradigm
[2016/10/05 16:52:43] ----------------------------------
[2016/10/05 16:52:43] === Internet Connection Links ====
[2016/10/05 16:52:43] servers: http://www.visual-paradigm.com/download/productupdate/vp.jsp
[2016/10/05 16:52:43] latest: http://www.visual-paradigm.com/download/latestinfo.jsp
[2016/10/05 16:52:43] documentation: http://www.visual-paradigm.com/installers/vpsuite12.1/
[2016/10/05 16:52:43] product name: Visual Paradigm
[2016/10/05 16:52:43] ----------------------------------
[2016/10/05 16:52:43] <<< Update Process >>>
[2016/10/05 16:52:43] ----------------- Update Main (Auto) ---------------
[2016/10/05 16:52:43] >>> read installed products: true, /home/dfalkner/Visual_Paradigm_12.1/resources/.product_installation.xml
[2016/10/05 16:52:43] loading installed product: /home/dfalkner/Visual_Paradigm_12.1, vp, 1
[2016/10/05 16:52:43] ---------------------------------------------
[2016/10/05 16:52:43] Finding Server...
[2016/10/05 16:52:43] The version 12.1 of Visual Paradigm is already out of mainstream support which means there are no more updates available. If your maintenance period is still active, we recommend you upgrade to the latest version as soon as possible.
[2016/10/05 16:52:43] === Java Execute =================
[2016/10/05 16:52:43] /usr/lib/jvm/java-8-jre/jre/bin/java
[2016/10/05 16:52:43] -cp
[2016/10/05 16:52:43] /home/dfalkner/Visual_Paradigm_12.1/lib/platforminstaller.jar:
[2016/10/05 16:52:43] com.vp.platform.installer.ClearUpdateMain
[2016/10/05 16:52:43] /tmp/platformupdate7023322147333733765_dir
[2016/10/05 16:52:43] --------------------
[2016/10/05 16:52:43] /usr/lib/jvm/java-8-jre/jre/bin/java -cp /home/dfalkner/Visual_Paradigm_12.1/lib/platforminstaller.jar: com.vp.platform.installer.ClearUpdateMain /tmp/platformupdate7023322147333733765_dir
[2016/10/05 16:52:43] --------------------
